000 (21551443.000.000) 07/13 15:53:21 Job submitted from host: <128.104.101.92:9618?addrs=128.104.101.92-9618+[2607-f388-107c-501-a036-9fff-fe3c-caa8]-9618&noUDP&sock=7190_f107_3>
...
001 (21551443.000.000) 07/13 16:01:13 Job executing on host: <128.105.245.121:9618?addrs=128.105.245.121-9618+[--1]-9618&noUDP&sock=5324_664f_3>
...
006 (21551443.000.000) 07/13 16:59:33 Image size of job updated: 1244
	2  -  MemoryUsage of job (MB)
	1128  -  ResidentSetSize of job (KB)
...
005 (21551443.000.000) 07/13 17:00:00 Job terminated.
	(0) Abnormal termination (signal 15)
	(0) No core file
		Usr 0 00:00:00, Sys 0 00:00:00  -  Run Remote Usage
		Usr 0 00:00:00, Sys 0 00:00:00  -  Run Local Usage
		Usr 0 00:00:00, Sys 0 00:00:00  -  Total Remote Usage
		Usr 0 00:00:00, Sys 0 00:00:00  -  Total Local Usage
	0  -  Run Bytes Sent By Job
	246507888  -  Run Bytes Received By Job
	0  -  Total Bytes Sent By Job
	246507888  -  Total Bytes Received By Job
	Partitionable Resources :    Usage  Request Allocated
	   Cpus                 :                 1         1
	   Disk (KB)            :  5163727  6291456   6837384
	   Memory (MB)          :        2     6144      6144
...
